86956 - [2024-09-23 01:14:24,596] : DEBUG -> Experiment script executed
86956 - [2024-09-23 01:14:24,596] : DEBUG -> Running the programs with the test files 6 times
86956 - [2024-09-23 01:14:24,596] : DEBUG -> Processing test file: 50-48
86956 - [2024-09-23 01:14:24,597] : DEBUG -> Vértices: 100, Arestas: 789
86956 - [2024-09-23 01:14:24,597] : DEBUG -> ======================================TESTE: 50, Leituras: 48==========================================
86956 - [2024-09-23 01:14:24,597] : DEBUG -> XXXXXXXXXXXXXXXXXXXXXXXXXXXXX<<< Edmond-Karp >>>XXXXXXXXXXXXXXXXXXXXXXXXXXXXXX
86956 - [2024-09-23 01:14:24,597] : DEBUG -> ------------------------------------1° EXECUÇÃO-----------------------------------------
86956 - [2024-09-23 01:14:24,598] : DEBUG -> Execution time for test 50 (run 1): 0.00063 seconds
86956 - [2024-09-23 01:14:24,598] : DEBUG -> ------------------------------------------------------------------------------------

86956 - [2024-09-23 01:14:24,598] : DEBUG -> ------------------------------------2° EXECUÇÃO-----------------------------------------
86956 - [2024-09-23 01:14:24,604] : DEBUG -> Execution time for test 50 (run 2): 0.000678 seconds
86956 - [2024-09-23 01:14:24,604] : DEBUG -> ------------------------------------------------------------------------------------

86956 - [2024-09-23 01:14:24,604] : DEBUG -> ------------------------------------3° EXECUÇÃO-----------------------------------------
86956 - [2024-09-23 01:14:24,605] : DEBUG -> Execution time for test 50 (run 3): 0.000551 seconds
86956 - [2024-09-23 01:14:24,605] : DEBUG -> ------------------------------------------------------------------------------------

86956 - [2024-09-23 01:14:24,605] : DEBUG -> ------------------------------------4° EXECUÇÃO-----------------------------------------
86956 - [2024-09-23 01:14:24,606] : DEBUG -> Execution time for test 50 (run 4): 0.000605 seconds
86956 - [2024-09-23 01:14:24,606] : DEBUG -> ------------------------------------------------------------------------------------

86956 - [2024-09-23 01:14:24,606] : DEBUG -> ------------------------------------5° EXECUÇÃO-----------------------------------------
86956 - [2024-09-23 01:14:24,608] : DEBUG -> Execution time for test 50 (run 5): 0.000866 seconds
86956 - [2024-09-23 01:14:24,608] : DEBUG -> ------------------------------------------------------------------------------------

86956 - [2024-09-23 01:14:24,608] : DEBUG -> ------------------------------------6° EXECUÇÃO-----------------------------------------
86956 - [2024-09-23 01:14:24,610] : DEBUG -> Execution time for test 50 (run 6): 0.000641 seconds
86956 - [2024-09-23 01:14:24,610] : DEBUG -> ------------------------------------------------------------------------------------

86956 - [2024-09-23 01:14:24,610] : DEBUG -> XXXXXXXXXXXXXXXXXXXXXXXXXXXXX<<< Ford-Fulkerson >>>XXXXXXXXXXXXXXXXXXXXXXXXXXXXXX
86956 - [2024-09-23 01:14:24,610] : DEBUG -> ------------------------------------1° EXECUÇÃO-----------------------------------------
86956 - [2024-09-23 01:14:24,611] : DEBUG -> Execution time for test 50 (run 1): 0.000335 seconds
86956 - [2024-09-23 01:14:24,611] : DEBUG -> ------------------------------------------------------------------------------------

86956 - [2024-09-23 01:14:24,611] : DEBUG -> ------------------------------------2° EXECUÇÃO-----------------------------------------
86956 - [2024-09-23 01:14:24,612] : DEBUG -> Execution time for test 50 (run 2): 0.000341 seconds
86956 - [2024-09-23 01:14:24,612] : DEBUG -> ------------------------------------------------------------------------------------

86956 - [2024-09-23 01:14:24,612] : DEBUG -> ------------------------------------3° EXECUÇÃO-----------------------------------------
86956 - [2024-09-23 01:14:24,613] : DEBUG -> Execution time for test 50 (run 3): 0.000339 seconds
86956 - [2024-09-23 01:14:24,613] : DEBUG -> ------------------------------------------------------------------------------------

86956 - [2024-09-23 01:14:24,613] : DEBUG -> ------------------------------------4° EXECUÇÃO-----------------------------------------
86956 - [2024-09-23 01:14:24,614] : DEBUG -> Execution time for test 50 (run 4): 0.000338 seconds
86956 - [2024-09-23 01:14:24,614] : DEBUG -> ------------------------------------------------------------------------------------

86956 - [2024-09-23 01:14:24,614] : DEBUG -> ------------------------------------5° EXECUÇÃO-----------------------------------------
86956 - [2024-09-23 01:14:24,614] : DEBUG -> Execution time for test 50 (run 5): 0.000339 seconds
86956 - [2024-09-23 01:14:24,614] : DEBUG -> ------------------------------------------------------------------------------------

86956 - [2024-09-23 01:14:24,614] : DEBUG -> ------------------------------------6° EXECUÇÃO-----------------------------------------
86956 - [2024-09-23 01:14:24,615] : DEBUG -> Execution time for test 50 (run 6): 0.000334 seconds
86956 - [2024-09-23 01:14:24,615] : DEBUG -> ------------------------------------------------------------------------------------

86956 - [2024-09-23 01:14:24,615] : DEBUG -> Processing test file: 100-100
86956 - [2024-09-23 01:14:24,616] : DEBUG -> Vértices: 202, Arestas: 4669
86956 - [2024-09-23 01:14:24,616] : DEBUG -> ======================================TESTE: 100, Leituras: 100==========================================
86956 - [2024-09-23 01:14:24,616] : DEBUG -> XXXXXXXXXXXXXXXXXXXXXXXXXXXXX<<< Edmond-Karp >>>XXXXXXXXXXXXXXXXXXXXXXXXXXXXXX
86956 - [2024-09-23 01:14:24,616] : DEBUG -> ------------------------------------1° EXECUÇÃO-----------------------------------------
86956 - [2024-09-23 01:14:24,622] : DEBUG -> Execution time for test 100 (run 1): 0.004529 seconds
86956 - [2024-09-23 01:14:24,622] : DEBUG -> ------------------------------------------------------------------------------------

86956 - [2024-09-23 01:14:24,622] : DEBUG -> ------------------------------------2° EXECUÇÃO-----------------------------------------
86956 - [2024-09-23 01:14:24,628] : DEBUG -> Execution time for test 100 (run 2): 0.003561 seconds
86956 - [2024-09-23 01:14:24,628] : DEBUG -> ------------------------------------------------------------------------------------

86956 - [2024-09-23 01:14:24,628] : DEBUG -> ------------------------------------3° EXECUÇÃO-----------------------------------------
86956 - [2024-09-23 01:14:24,632] : DEBUG -> Execution time for test 100 (run 3): 0.003595 seconds
86956 - [2024-09-23 01:14:24,632] : DEBUG -> ------------------------------------------------------------------------------------

86956 - [2024-09-23 01:14:24,632] : DEBUG -> ------------------------------------4° EXECUÇÃO-----------------------------------------
86956 - [2024-09-23 01:14:24,637] : DEBUG -> Execution time for test 100 (run 4): 0.00349 seconds
86956 - [2024-09-23 01:14:24,637] : DEBUG -> ------------------------------------------------------------------------------------

86956 - [2024-09-23 01:14:24,637] : DEBUG -> ------------------------------------5° EXECUÇÃO-----------------------------------------
86956 - [2024-09-23 01:14:24,641] : DEBUG -> Execution time for test 100 (run 5): 0.003432 seconds
86956 - [2024-09-23 01:14:24,641] : DEBUG -> ------------------------------------------------------------------------------------

86956 - [2024-09-23 01:14:24,641] : DEBUG -> ------------------------------------6° EXECUÇÃO-----------------------------------------
86956 - [2024-09-23 01:14:24,645] : DEBUG -> Execution time for test 100 (run 6): 0.00346 seconds
86956 - [2024-09-23 01:14:24,645] : DEBUG -> ------------------------------------------------------------------------------------

86956 - [2024-09-23 01:14:24,645] : DEBUG -> XXXXXXXXXXXXXXXXXXXXXXXXXXXXX<<< Ford-Fulkerson >>>XXXXXXXXXXXXXXXXXXXXXXXXXXXXXX
86956 - [2024-09-23 01:14:24,645] : DEBUG -> ------------------------------------1° EXECUÇÃO-----------------------------------------
86956 - [2024-09-23 01:14:24,649] : DEBUG -> Execution time for test 100 (run 1): 0.002434 seconds
86956 - [2024-09-23 01:14:24,649] : DEBUG -> ------------------------------------------------------------------------------------

86956 - [2024-09-23 01:14:24,649] : DEBUG -> ------------------------------------2° EXECUÇÃO-----------------------------------------
86956 - [2024-09-23 01:14:24,652] : DEBUG -> Execution time for test 100 (run 2): 0.002505 seconds
86956 - [2024-09-23 01:14:24,652] : DEBUG -> ------------------------------------------------------------------------------------

86956 - [2024-09-23 01:14:24,652] : DEBUG -> ------------------------------------3° EXECUÇÃO-----------------------------------------
86956 - [2024-09-23 01:14:24,656] : DEBUG -> Execution time for test 100 (run 3): 0.00295 seconds
86956 - [2024-09-23 01:14:24,656] : DEBUG -> ------------------------------------------------------------------------------------

86956 - [2024-09-23 01:14:24,656] : DEBUG -> ------------------------------------4° EXECUÇÃO-----------------------------------------
86956 - [2024-09-23 01:14:24,661] : DEBUG -> Execution time for test 100 (run 4): 0.004063 seconds
86956 - [2024-09-23 01:14:24,661] : DEBUG -> ------------------------------------------------------------------------------------

86956 - [2024-09-23 01:14:24,661] : DEBUG -> ------------------------------------5° EXECUÇÃO-----------------------------------------
86956 - [2024-09-23 01:14:24,667] : DEBUG -> Execution time for test 100 (run 5): 0.003842 seconds
86956 - [2024-09-23 01:14:24,667] : DEBUG -> ------------------------------------------------------------------------------------

86956 - [2024-09-23 01:14:24,667] : DEBUG -> ------------------------------------6° EXECUÇÃO-----------------------------------------
86956 - [2024-09-23 01:14:24,672] : DEBUG -> Execution time for test 100 (run 6): 0.003737 seconds
86956 - [2024-09-23 01:14:24,672] : DEBUG -> ------------------------------------------------------------------------------------

86956 - [2024-09-23 01:14:24,672] : DEBUG -> Processing test file: 200-196
86956 - [2024-09-23 01:14:24,673] : DEBUG -> Vértices: 398, Arestas: 9041
86956 - [2024-09-23 01:14:24,673] : DEBUG -> ======================================TESTE: 200, Leituras: 196==========================================
86956 - [2024-09-23 01:14:24,673] : DEBUG -> XXXXXXXXXXXXXXXXXXXXXXXXXXXXX<<< Edmond-Karp >>>XXXXXXXXXXXXXXXXXXXXXXXXXXXXXX
86956 - [2024-09-23 01:14:24,673] : DEBUG -> ------------------------------------1° EXECUÇÃO-----------------------------------------
86956 - [2024-09-23 01:14:24,696] : DEBUG -> Execution time for test 200 (run 1): 0.020918 seconds
86956 - [2024-09-23 01:14:24,696] : DEBUG -> ------------------------------------------------------------------------------------

86956 - [2024-09-23 01:14:24,696] : DEBUG -> ------------------------------------2° EXECUÇÃO-----------------------------------------
86956 - [2024-09-23 01:14:24,718] : DEBUG -> Execution time for test 200 (run 2): 0.019897 seconds
86956 - [2024-09-23 01:14:24,718] : DEBUG -> ------------------------------------------------------------------------------------

86956 - [2024-09-23 01:14:24,718] : DEBUG -> ------------------------------------3° EXECUÇÃO-----------------------------------------
86956 - [2024-09-23 01:14:24,739] : DEBUG -> Execution time for test 200 (run 3): 0.019637 seconds
86956 - [2024-09-23 01:14:24,739] : DEBUG -> ------------------------------------------------------------------------------------

86956 - [2024-09-23 01:14:24,739] : DEBUG -> ------------------------------------4° EXECUÇÃO-----------------------------------------
86956 - [2024-09-23 01:14:24,760] : DEBUG -> Execution time for test 200 (run 4): 0.019575 seconds
86956 - [2024-09-23 01:14:24,760] : DEBUG -> ------------------------------------------------------------------------------------

86956 - [2024-09-23 01:14:24,760] : DEBUG -> ------------------------------------5° EXECUÇÃO-----------------------------------------
86956 - [2024-09-23 01:14:24,781] : DEBUG -> Execution time for test 200 (run 5): 0.019655 seconds
86956 - [2024-09-23 01:14:24,781] : DEBUG -> ------------------------------------------------------------------------------------

86956 - [2024-09-23 01:14:24,781] : DEBUG -> ------------------------------------6° EXECUÇÃO-----------------------------------------
86956 - [2024-09-23 01:14:24,802] : DEBUG -> Execution time for test 200 (run 6): 0.019526 seconds
86956 - [2024-09-23 01:14:24,802] : DEBUG -> ------------------------------------------------------------------------------------

86956 - [2024-09-23 01:14:24,802] : DEBUG -> XXXXXXXXXXXXXXXXXXXXXXXXXXXXX<<< Ford-Fulkerson >>>XXXXXXXXXXXXXXXXXXXXXXXXXXXXXX
86956 - [2024-09-23 01:14:24,802] : DEBUG -> ------------------------------------1° EXECUÇÃO-----------------------------------------
86956 - [2024-09-23 01:14:24,818] : DEBUG -> Execution time for test 200 (run 1): 0.014838 seconds
86956 - [2024-09-23 01:14:24,818] : DEBUG -> ------------------------------------------------------------------------------------

86956 - [2024-09-23 01:14:24,818] : DEBUG -> ------------------------------------2° EXECUÇÃO-----------------------------------------
86956 - [2024-09-23 01:14:24,834] : DEBUG -> Execution time for test 200 (run 2): 0.014892 seconds
86956 - [2024-09-23 01:14:24,835] : DEBUG -> ------------------------------------------------------------------------------------

86956 - [2024-09-23 01:14:24,835] : DEBUG -> ------------------------------------3° EXECUÇÃO-----------------------------------------
86956 - [2024-09-23 01:14:24,851] : DEBUG -> Execution time for test 200 (run 3): 0.01512 seconds
86956 - [2024-09-23 01:14:24,851] : DEBUG -> ------------------------------------------------------------------------------------

86956 - [2024-09-23 01:14:24,852] : DEBUG -> ------------------------------------4° EXECUÇÃO-----------------------------------------
86956 - [2024-09-23 01:14:24,870] : DEBUG -> Execution time for test 200 (run 4): 0.016692 seconds
86956 - [2024-09-23 01:14:24,870] : DEBUG -> ------------------------------------------------------------------------------------

86956 - [2024-09-23 01:14:24,870] : DEBUG -> ------------------------------------5° EXECUÇÃO-----------------------------------------
86956 - [2024-09-23 01:14:24,886] : DEBUG -> Execution time for test 200 (run 5): 0.01488 seconds
86956 - [2024-09-23 01:14:24,886] : DEBUG -> ------------------------------------------------------------------------------------

86956 - [2024-09-23 01:14:24,886] : DEBUG -> ------------------------------------6° EXECUÇÃO-----------------------------------------
86956 - [2024-09-23 01:14:24,903] : DEBUG -> Execution time for test 200 (run 6): 0.014908 seconds
86956 - [2024-09-23 01:14:24,903] : DEBUG -> ------------------------------------------------------------------------------------

86956 - [2024-09-23 01:14:24,903] : DEBUG -> Processing test file: 300-302
86956 - [2024-09-23 01:14:24,905] : DEBUG -> Vértices: 604, Arestas: 21709
86956 - [2024-09-23 01:14:24,905] : DEBUG -> ======================================TESTE: 300, Leituras: 302==========================================
86956 - [2024-09-23 01:14:24,905] : DEBUG -> XXXXXXXXXXXXXXXXXXXXXXXXXXXXX<<< Edmond-Karp >>>XXXXXXXXXXXXXXXXXXXXXXXXXXXXXX
86956 - [2024-09-23 01:14:24,905] : DEBUG -> ------------------------------------1° EXECUÇÃO-----------------------------------------
86956 - [2024-09-23 01:14:24,977] : DEBUG -> Execution time for test 300 (run 1): 0.068671 seconds
86956 - [2024-09-23 01:14:24,977] : DEBUG -> ------------------------------------------------------------------------------------

86956 - [2024-09-23 01:14:24,977] : DEBUG -> ------------------------------------2° EXECUÇÃO-----------------------------------------
86956 - [2024-09-23 01:14:25,049] : DEBUG -> Execution time for test 300 (run 2): 0.068429 seconds
86956 - [2024-09-23 01:14:25,049] : DEBUG -> ------------------------------------------------------------------------------------

86956 - [2024-09-23 01:14:25,049] : DEBUG -> ------------------------------------3° EXECUÇÃO-----------------------------------------
86956 - [2024-09-23 01:14:25,121] : DEBUG -> Execution time for test 300 (run 3): 0.068101 seconds
86956 - [2024-09-23 01:14:25,121] : DEBUG -> ------------------------------------------------------------------------------------

86956 - [2024-09-23 01:14:25,121] : DEBUG -> ------------------------------------4° EXECUÇÃO-----------------------------------------
86956 - [2024-09-23 01:14:25,192] : DEBUG -> Execution time for test 300 (run 4): 0.068534 seconds
86956 - [2024-09-23 01:14:25,192] : DEBUG -> ------------------------------------------------------------------------------------

86956 - [2024-09-23 01:14:25,193] : DEBUG -> ------------------------------------5° EXECUÇÃO-----------------------------------------
86956 - [2024-09-23 01:14:25,265] : DEBUG -> Execution time for test 300 (run 5): 0.068112 seconds
86956 - [2024-09-23 01:14:25,265] : DEBUG -> ------------------------------------------------------------------------------------

86956 - [2024-09-23 01:14:25,265] : DEBUG -> ------------------------------------6° EXECUÇÃO-----------------------------------------
86956 - [2024-09-23 01:14:25,336] : DEBUG -> Execution time for test 300 (run 6): 0.069 seconds
86956 - [2024-09-23 01:14:25,336] : DEBUG -> ------------------------------------------------------------------------------------

86956 - [2024-09-23 01:14:25,336] : DEBUG -> XXXXXXXXXXXXXXXXXXXXXXXXXXXXX<<< Ford-Fulkerson >>>XXXXXXXXXXXXXXXXXXXXXXXXXXXXXX
86956 - [2024-09-23 01:14:25,336] : DEBUG -> ------------------------------------1° EXECUÇÃO-----------------------------------------
86956 - [2024-09-23 01:14:25,391] : DEBUG -> Execution time for test 300 (run 1): 0.050854 seconds
86956 - [2024-09-23 01:14:25,391] : DEBUG -> ------------------------------------------------------------------------------------

86956 - [2024-09-23 01:14:25,391] : DEBUG -> ------------------------------------2° EXECUÇÃO-----------------------------------------
86956 - [2024-09-23 01:14:25,444] : DEBUG -> Execution time for test 300 (run 2): 0.050751 seconds
86956 - [2024-09-23 01:14:25,444] : DEBUG -> ------------------------------------------------------------------------------------

86956 - [2024-09-23 01:14:25,444] : DEBUG -> ------------------------------------3° EXECUÇÃO-----------------------------------------
86956 - [2024-09-23 01:14:25,497] : DEBUG -> Execution time for test 300 (run 3): 0.050815 seconds
86956 - [2024-09-23 01:14:25,497] : DEBUG -> ------------------------------------------------------------------------------------

86956 - [2024-09-23 01:14:25,498] : DEBUG -> ------------------------------------4° EXECUÇÃO-----------------------------------------
86956 - [2024-09-23 01:14:25,552] : DEBUG -> Execution time for test 300 (run 4): 0.051759 seconds
86956 - [2024-09-23 01:14:25,552] : DEBUG -> ------------------------------------------------------------------------------------

86956 - [2024-09-23 01:14:25,552] : DEBUG -> ------------------------------------5° EXECUÇÃO-----------------------------------------
86956 - [2024-09-23 01:14:25,605] : DEBUG -> Execution time for test 300 (run 5): 0.050815 seconds
86956 - [2024-09-23 01:14:25,605] : DEBUG -> ------------------------------------------------------------------------------------

86956 - [2024-09-23 01:14:25,605] : DEBUG -> ------------------------------------6° EXECUÇÃO-----------------------------------------
86956 - [2024-09-23 01:14:25,658] : DEBUG -> Execution time for test 300 (run 6): 0.050701 seconds
86956 - [2024-09-23 01:14:25,659] : DEBUG -> ------------------------------------------------------------------------------------

86956 - [2024-09-23 01:14:25,659] : DEBUG -> Processing test file: 400-398
86956 - [2024-09-23 01:14:25,662] : DEBUG -> Vértices: 800, Arestas: 47799
86956 - [2024-09-23 01:14:25,662] : DEBUG -> ======================================TESTE: 400, Leituras: 398==========================================
86956 - [2024-09-23 01:14:25,662] : DEBUG -> XXXXXXXXXXXXXXXXXXXXXXXXXXXXX<<< Edmond-Karp >>>XXXXXXXXXXXXXXXXXXXXXXXXXXXXXX
86956 - [2024-09-23 01:14:25,662] : DEBUG -> ------------------------------------1° EXECUÇÃO-----------------------------------------
86956 - [2024-09-23 01:14:25,826] : DEBUG -> Execution time for test 400 (run 1): 0.156046 seconds
86956 - [2024-09-23 01:14:25,826] : DEBUG -> ------------------------------------------------------------------------------------

86956 - [2024-09-23 01:14:25,826] : DEBUG -> ------------------------------------2° EXECUÇÃO-----------------------------------------
86956 - [2024-09-23 01:14:25,988] : DEBUG -> Execution time for test 400 (run 2): 0.15745 seconds
86956 - [2024-09-23 01:14:25,988] : DEBUG -> ------------------------------------------------------------------------------------

86956 - [2024-09-23 01:14:25,988] : DEBUG -> ------------------------------------3° EXECUÇÃO-----------------------------------------
86956 - [2024-09-23 01:14:26,148] : DEBUG -> Execution time for test 400 (run 3): 0.155948 seconds
86956 - [2024-09-23 01:14:26,148] : DEBUG -> ------------------------------------------------------------------------------------

86956 - [2024-09-23 01:14:26,148] : DEBUG -> ------------------------------------4° EXECUÇÃO-----------------------------------------
86956 - [2024-09-23 01:14:26,313] : DEBUG -> Execution time for test 400 (run 4): 0.156871 seconds
86956 - [2024-09-23 01:14:26,313] : DEBUG -> ------------------------------------------------------------------------------------

86956 - [2024-09-23 01:14:26,313] : DEBUG -> ------------------------------------5° EXECUÇÃO-----------------------------------------
86956 - [2024-09-23 01:14:26,475] : DEBUG -> Execution time for test 400 (run 5): 0.157219 seconds
86956 - [2024-09-23 01:14:26,475] : DEBUG -> ------------------------------------------------------------------------------------

86956 - [2024-09-23 01:14:26,475] : DEBUG -> ------------------------------------6° EXECUÇÃO-----------------------------------------
86956 - [2024-09-23 01:14:26,638] : DEBUG -> Execution time for test 400 (run 6): 0.155671 seconds
86956 - [2024-09-23 01:14:26,638] : DEBUG -> ------------------------------------------------------------------------------------

86956 - [2024-09-23 01:14:26,638] : DEBUG -> XXXXXXXXXXXXXXXXXXXXXXXXXXXXX<<< Ford-Fulkerson >>>XXXXXXXXXXXXXXXXXXXXXXXXXXXXXX
86956 - [2024-09-23 01:14:26,638] : DEBUG -> ------------------------------------1° EXECUÇÃO-----------------------------------------
86956 - [2024-09-23 01:14:26,758] : DEBUG -> Execution time for test 400 (run 1): 0.11462 seconds
86956 - [2024-09-23 01:14:26,758] : DEBUG -> ------------------------------------------------------------------------------------

86956 - [2024-09-23 01:14:26,758] : DEBUG -> ------------------------------------2° EXECUÇÃO-----------------------------------------
86956 - [2024-09-23 01:14:26,879] : DEBUG -> Execution time for test 400 (run 2): 0.115385 seconds
86956 - [2024-09-23 01:14:26,879] : DEBUG -> ------------------------------------------------------------------------------------

86956 - [2024-09-23 01:14:26,880] : DEBUG -> ------------------------------------3° EXECUÇÃO-----------------------------------------
86956 - [2024-09-23 01:14:26,999] : DEBUG -> Execution time for test 400 (run 3): 0.114913 seconds
86956 - [2024-09-23 01:14:26,999] : DEBUG -> ------------------------------------------------------------------------------------

86956 - [2024-09-23 01:14:26,999] : DEBUG -> ------------------------------------4° EXECUÇÃO-----------------------------------------
86956 - [2024-09-23 01:14:27,122] : DEBUG -> Execution time for test 400 (run 4): 0.115388 seconds
86956 - [2024-09-23 01:14:27,122] : DEBUG -> ------------------------------------------------------------------------------------

86956 - [2024-09-23 01:14:27,122] : DEBUG -> ------------------------------------5° EXECUÇÃO-----------------------------------------
86956 - [2024-09-23 01:14:27,244] : DEBUG -> Execution time for test 400 (run 5): 0.114814 seconds
86956 - [2024-09-23 01:14:27,244] : DEBUG -> ------------------------------------------------------------------------------------

86956 - [2024-09-23 01:14:27,244] : DEBUG -> ------------------------------------6° EXECUÇÃO-----------------------------------------
86956 - [2024-09-23 01:14:27,364] : DEBUG -> Execution time for test 400 (run 6): 0.115639 seconds
86956 - [2024-09-23 01:14:27,364] : DEBUG -> ------------------------------------------------------------------------------------

86956 - [2024-09-23 01:14:27,364] : DEBUG -> Processing test file: 500-498
86956 - [2024-09-23 01:14:27,378] : DEBUG -> Vértices: 1000, Arestas: 222271
86956 - [2024-09-23 01:14:27,379] : DEBUG -> ======================================TESTE: 500, Leituras: 498==========================================
86956 - [2024-09-23 01:14:27,379] : DEBUG -> XXXXXXXXXXXXXXXXXXXXXXXXXXXXX<<< Edmond-Karp >>>XXXXXXXXXXXXXXXXXXXXXXXXXXXXXX
86956 - [2024-09-23 01:14:27,379] : DEBUG -> ------------------------------------1° EXECUÇÃO-----------------------------------------
86956 - [2024-09-23 01:14:27,817] : DEBUG -> Execution time for test 500 (run 1): 0.425245 seconds
86956 - [2024-09-23 01:14:27,817] : DEBUG -> ------------------------------------------------------------------------------------

86956 - [2024-09-23 01:14:27,817] : DEBUG -> ------------------------------------2° EXECUÇÃO-----------------------------------------
86956 - [2024-09-23 01:14:28,263] : DEBUG -> Execution time for test 500 (run 2): 0.434205 seconds
86956 - [2024-09-23 01:14:28,263] : DEBUG -> ------------------------------------------------------------------------------------

86956 - [2024-09-23 01:14:28,263] : DEBUG -> ------------------------------------3° EXECUÇÃO-----------------------------------------
86956 - [2024-09-23 01:14:28,710] : DEBUG -> Execution time for test 500 (run 3): 0.434533 seconds
86956 - [2024-09-23 01:14:28,710] : DEBUG -> ------------------------------------------------------------------------------------

86956 - [2024-09-23 01:14:28,710] : DEBUG -> ------------------------------------4° EXECUÇÃO-----------------------------------------
86956 - [2024-09-23 01:14:29,152] : DEBUG -> Execution time for test 500 (run 4): 0.42726 seconds
86956 - [2024-09-23 01:14:29,152] : DEBUG -> ------------------------------------------------------------------------------------

86956 - [2024-09-23 01:14:29,152] : DEBUG -> ------------------------------------5° EXECUÇÃO-----------------------------------------
86956 - [2024-09-23 01:14:29,588] : DEBUG -> Execution time for test 500 (run 5): 0.423899 seconds
86956 - [2024-09-23 01:14:29,588] : DEBUG -> ------------------------------------------------------------------------------------

86956 - [2024-09-23 01:14:29,588] : DEBUG -> ------------------------------------6° EXECUÇÃO-----------------------------------------
86956 - [2024-09-23 01:14:30,022] : DEBUG -> Execution time for test 500 (run 6): 0.422123 seconds
86956 - [2024-09-23 01:14:30,022] : DEBUG -> ------------------------------------------------------------------------------------

86956 - [2024-09-23 01:14:30,022] : DEBUG -> XXXXXXXXXXXXXXXXXXXXXXXXXXXXX<<< Ford-Fulkerson >>>XXXXXXXXXXXXXXXXXXXXXXXXXXXXXX
86956 - [2024-09-23 01:14:30,022] : DEBUG -> ------------------------------------1° EXECUÇÃO-----------------------------------------
86956 - [2024-09-23 01:14:30,247] : DEBUG -> Execution time for test 500 (run 1): 0.212984 seconds
86956 - [2024-09-23 01:14:30,247] : DEBUG -> ------------------------------------------------------------------------------------

86956 - [2024-09-23 01:14:30,247] : DEBUG -> ------------------------------------2° EXECUÇÃO-----------------------------------------
86956 - [2024-09-23 01:14:30,471] : DEBUG -> Execution time for test 500 (run 2): 0.21201 seconds
86956 - [2024-09-23 01:14:30,471] : DEBUG -> ------------------------------------------------------------------------------------

86956 - [2024-09-23 01:14:30,471] : DEBUG -> ------------------------------------3° EXECUÇÃO-----------------------------------------
86956 - [2024-09-23 01:14:30,695] : DEBUG -> Execution time for test 500 (run 3): 0.21252 seconds
86956 - [2024-09-23 01:14:30,695] : DEBUG -> ------------------------------------------------------------------------------------

86956 - [2024-09-23 01:14:30,695] : DEBUG -> ------------------------------------4° EXECUÇÃO-----------------------------------------
86956 - [2024-09-23 01:14:30,920] : DEBUG -> Execution time for test 500 (run 4): 0.212551 seconds
86956 - [2024-09-23 01:14:30,920] : DEBUG -> ------------------------------------------------------------------------------------

86956 - [2024-09-23 01:14:30,920] : DEBUG -> ------------------------------------5° EXECUÇÃO-----------------------------------------
86956 - [2024-09-23 01:14:31,145] : DEBUG -> Execution time for test 500 (run 5): 0.212531 seconds
86956 - [2024-09-23 01:14:31,145] : DEBUG -> ------------------------------------------------------------------------------------

86956 - [2024-09-23 01:14:31,145] : DEBUG -> ------------------------------------6° EXECUÇÃO-----------------------------------------
86956 - [2024-09-23 01:14:31,370] : DEBUG -> Execution time for test 500 (run 6): 0.213402 seconds
86956 - [2024-09-23 01:14:31,370] : DEBUG -> ------------------------------------------------------------------------------------

86956 - [2024-09-23 01:14:31,370] : DEBUG -> Processing test file: 600-602
86956 - [2024-09-23 01:14:31,386] : DEBUG -> Vértices: 1204, Arestas: 260270
86956 - [2024-09-23 01:14:31,388] : DEBUG -> ======================================TESTE: 600, Leituras: 602==========================================
86956 - [2024-09-23 01:14:31,388] : DEBUG -> XXXXXXXXXXXXXXXXXXXXXXXXXXXXX<<< Edmond-Karp >>>XXXXXXXXXXXXXXXXXXXXXXXXXXXXXX
86956 - [2024-09-23 01:14:31,388] : DEBUG -> ------------------------------------1° EXECUÇÃO-----------------------------------------
86956 - [2024-09-23 01:14:32,079] : DEBUG -> Execution time for test 600 (run 1): 0.675725 seconds
86956 - [2024-09-23 01:14:32,079] : DEBUG -> ------------------------------------------------------------------------------------

86956 - [2024-09-23 01:14:32,079] : DEBUG -> ------------------------------------2° EXECUÇÃO-----------------------------------------
86956 - [2024-09-23 01:14:32,780] : DEBUG -> Execution time for test 600 (run 2): 0.684625 seconds
86956 - [2024-09-23 01:14:32,780] : DEBUG -> ------------------------------------------------------------------------------------

86956 - [2024-09-23 01:14:32,780] : DEBUG -> ------------------------------------3° EXECUÇÃO-----------------------------------------
86956 - [2024-09-23 01:14:33,473] : DEBUG -> Execution time for test 600 (run 3): 0.677875 seconds
86956 - [2024-09-23 01:14:33,473] : DEBUG -> ------------------------------------------------------------------------------------

86956 - [2024-09-23 01:14:33,473] : DEBUG -> ------------------------------------4° EXECUÇÃO-----------------------------------------
86956 - [2024-09-23 01:14:34,163] : DEBUG -> Execution time for test 600 (run 4): 0.675866 seconds
86956 - [2024-09-23 01:14:34,164] : DEBUG -> ------------------------------------------------------------------------------------

86956 - [2024-09-23 01:14:34,164] : DEBUG -> ------------------------------------5° EXECUÇÃO-----------------------------------------
86956 - [2024-09-23 01:14:34,855] : DEBUG -> Execution time for test 600 (run 5): 0.675228 seconds
86956 - [2024-09-23 01:14:34,855] : DEBUG -> ------------------------------------------------------------------------------------

86956 - [2024-09-23 01:14:34,855] : DEBUG -> ------------------------------------6° EXECUÇÃO-----------------------------------------
86956 - [2024-09-23 01:14:35,547] : DEBUG -> Execution time for test 600 (run 6): 0.677736 seconds
86956 - [2024-09-23 01:14:35,547] : DEBUG -> ------------------------------------------------------------------------------------

86956 - [2024-09-23 01:14:35,547] : DEBUG -> XXXXXXXXXXXXXXXXXXXXXXXXXXXXX<<< Ford-Fulkerson >>>XXXXXXXXXXXXXXXXXXXXXXXXXXXXXX
86956 - [2024-09-23 01:14:35,547] : DEBUG -> ------------------------------------1° EXECUÇÃO-----------------------------------------
86956 - [2024-09-23 01:14:35,949] : DEBUG -> Execution time for test 600 (run 1): 0.382396 seconds
86956 - [2024-09-23 01:14:35,949] : DEBUG -> ------------------------------------------------------------------------------------

86956 - [2024-09-23 01:14:35,949] : DEBUG -> ------------------------------------2° EXECUÇÃO-----------------------------------------
86956 - [2024-09-23 01:14:36,343] : DEBUG -> Execution time for test 600 (run 2): 0.379747 seconds
86956 - [2024-09-23 01:14:36,343] : DEBUG -> ------------------------------------------------------------------------------------

86956 - [2024-09-23 01:14:36,343] : DEBUG -> ------------------------------------3° EXECUÇÃO-----------------------------------------
86956 - [2024-09-23 01:14:36,748] : DEBUG -> Execution time for test 600 (run 3): 0.385743 seconds
86956 - [2024-09-23 01:14:36,748] : DEBUG -> ------------------------------------------------------------------------------------

86956 - [2024-09-23 01:14:36,748] : DEBUG -> ------------------------------------4° EXECUÇÃO-----------------------------------------
86956 - [2024-09-23 01:14:37,142] : DEBUG -> Execution time for test 600 (run 4): 0.379277 seconds
86956 - [2024-09-23 01:14:37,142] : DEBUG -> ------------------------------------------------------------------------------------

86956 - [2024-09-23 01:14:37,142] : DEBUG -> ------------------------------------5° EXECUÇÃO-----------------------------------------
86956 - [2024-09-23 01:14:37,546] : DEBUG -> Execution time for test 600 (run 5): 0.38122 seconds
86956 - [2024-09-23 01:14:37,546] : DEBUG -> ------------------------------------------------------------------------------------

86956 - [2024-09-23 01:14:37,546] : DEBUG -> ------------------------------------6° EXECUÇÃO-----------------------------------------
86956 - [2024-09-23 01:14:37,941] : DEBUG -> Execution time for test 600 (run 6): 0.380835 seconds
86956 - [2024-09-23 01:14:37,941] : DEBUG -> ------------------------------------------------------------------------------------

86956 - [2024-09-23 01:14:37,941] : DEBUG -> Processing test file: 700-702
86956 - [2024-09-23 01:14:37,959] : DEBUG -> Vértices: 1404, Arestas: 285603
86956 - [2024-09-23 01:14:37,960] : DEBUG -> ======================================TESTE: 700, Leituras: 702==========================================
86956 - [2024-09-23 01:14:37,960] : DEBUG -> XXXXXXXXXXXXXXXXXXXXXXXXXXXXX<<< Edmond-Karp >>>XXXXXXXXXXXXXXXXXXXXXXXXXXXXXX
86956 - [2024-09-23 01:14:37,960] : DEBUG -> ------------------------------------1° EXECUÇÃO-----------------------------------------
86956 - [2024-09-23 01:14:38,966] : DEBUG -> Execution time for test 700 (run 1): 0.988475 seconds
86956 - [2024-09-23 01:14:38,966] : DEBUG -> ------------------------------------------------------------------------------------

86956 - [2024-09-23 01:14:38,966] : DEBUG -> ------------------------------------2° EXECUÇÃO-----------------------------------------
86956 - [2024-09-23 01:14:39,973] : DEBUG -> Execution time for test 700 (run 2): 0.989512 seconds
86956 - [2024-09-23 01:14:39,973] : DEBUG -> ------------------------------------------------------------------------------------

86956 - [2024-09-23 01:14:39,973] : DEBUG -> ------------------------------------3° EXECUÇÃO-----------------------------------------
86956 - [2024-09-23 01:14:41,143] : DEBUG -> Execution time for test 700 (run 3): 1.152707 seconds
86956 - [2024-09-23 01:14:41,143] : DEBUG -> ------------------------------------------------------------------------------------

86956 - [2024-09-23 01:14:41,143] : DEBUG -> ------------------------------------4° EXECUÇÃO-----------------------------------------
86956 - [2024-09-23 01:14:42,237] : DEBUG -> Execution time for test 700 (run 4): 1.075981 seconds
86956 - [2024-09-23 01:14:42,238] : DEBUG -> ------------------------------------------------------------------------------------

86956 - [2024-09-23 01:14:42,238] : DEBUG -> ------------------------------------5° EXECUÇÃO-----------------------------------------
86956 - [2024-09-23 01:14:43,359] : DEBUG -> Execution time for test 700 (run 5): 1.102346 seconds
86956 - [2024-09-23 01:14:43,359] : DEBUG -> ------------------------------------------------------------------------------------

86956 - [2024-09-23 01:14:43,359] : DEBUG -> ------------------------------------6° EXECUÇÃO-----------------------------------------
86956 - [2024-09-23 01:14:44,520] : DEBUG -> Execution time for test 700 (run 6): 1.142111 seconds
86956 - [2024-09-23 01:14:44,520] : DEBUG -> ------------------------------------------------------------------------------------

86956 - [2024-09-23 01:14:44,520] : DEBUG -> XXXXXXXXXXXXXXXXXXXXXXXXXXXXX<<< Ford-Fulkerson >>>XXXXXXXXXXXXXXXXXXXXXXXXXXXXXX
86956 - [2024-09-23 01:14:44,520] : DEBUG -> ------------------------------------1° EXECUÇÃO-----------------------------------------
86956 - [2024-09-23 01:14:45,189] : DEBUG -> Execution time for test 700 (run 1): 0.651495 seconds
86956 - [2024-09-23 01:14:45,189] : DEBUG -> ------------------------------------------------------------------------------------

86956 - [2024-09-23 01:14:45,189] : DEBUG -> ------------------------------------2° EXECUÇÃO-----------------------------------------
86956 - [2024-09-23 01:14:45,961] : DEBUG -> Execution time for test 700 (run 2): 0.75144 seconds
86956 - [2024-09-23 01:14:45,961] : DEBUG -> ------------------------------------------------------------------------------------

86956 - [2024-09-23 01:14:45,961] : DEBUG -> ------------------------------------3° EXECUÇÃO-----------------------------------------
86956 - [2024-09-23 01:14:46,732] : DEBUG -> Execution time for test 700 (run 3): 0.747284 seconds
86956 - [2024-09-23 01:14:46,732] : DEBUG -> ------------------------------------------------------------------------------------

86956 - [2024-09-23 01:14:46,732] : DEBUG -> ------------------------------------4° EXECUÇÃO-----------------------------------------
86956 - [2024-09-23 01:14:47,446] : DEBUG -> Execution time for test 700 (run 4): 0.69673 seconds
86956 - [2024-09-23 01:14:47,446] : DEBUG -> ------------------------------------------------------------------------------------

86956 - [2024-09-23 01:14:47,446] : DEBUG -> ------------------------------------5° EXECUÇÃO-----------------------------------------
86956 - [2024-09-23 01:14:48,119] : DEBUG -> Execution time for test 700 (run 5): 0.653757 seconds
86956 - [2024-09-23 01:14:48,119] : DEBUG -> ------------------------------------------------------------------------------------

86956 - [2024-09-23 01:14:48,119] : DEBUG -> ------------------------------------6° EXECUÇÃO-----------------------------------------
86956 - [2024-09-23 01:14:48,738] : DEBUG -> Execution time for test 700 (run 6): 0.601991 seconds
86956 - [2024-09-23 01:14:48,738] : DEBUG -> ------------------------------------------------------------------------------------

86956 - [2024-09-23 01:14:48,738] : DEBUG -> Processing test file: 800-796
86956 - [2024-09-23 01:14:48,764] : DEBUG -> Vértices: 1598, Arestas: 387929
86956 - [2024-09-23 01:14:48,766] : DEBUG -> ======================================TESTE: 800, Leituras: 796==========================================
86956 - [2024-09-23 01:14:48,766] : DEBUG -> XXXXXXXXXXXXXXXXXXXXXXXXXXXXX<<< Edmond-Karp >>>XXXXXXXXXXXXXXXXXXXXXXXXXXXXXX
86956 - [2024-09-23 01:14:48,766] : DEBUG -> ------------------------------------1° EXECUÇÃO-----------------------------------------
86956 - [2024-09-23 01:14:50,280] : DEBUG -> Execution time for test 800 (run 1): 1.487069 seconds
86956 - [2024-09-23 01:14:50,280] : DEBUG -> ------------------------------------------------------------------------------------

86956 - [2024-09-23 01:14:50,281] : DEBUG -> ------------------------------------2° EXECUÇÃO-----------------------------------------
86956 - [2024-09-23 01:14:51,806] : DEBUG -> Execution time for test 800 (run 2): 1.49232 seconds
86956 - [2024-09-23 01:14:51,806] : DEBUG -> ------------------------------------------------------------------------------------

86956 - [2024-09-23 01:14:51,806] : DEBUG -> ------------------------------------3° EXECUÇÃO-----------------------------------------
86956 - [2024-09-23 01:14:53,300] : DEBUG -> Execution time for test 800 (run 3): 1.470888 seconds
86956 - [2024-09-23 01:14:53,301] : DEBUG -> ------------------------------------------------------------------------------------

86956 - [2024-09-23 01:14:53,301] : DEBUG -> ------------------------------------4° EXECUÇÃO-----------------------------------------
86956 - [2024-09-23 01:14:54,809] : DEBUG -> Execution time for test 800 (run 4): 1.484102 seconds
86956 - [2024-09-23 01:14:54,809] : DEBUG -> ------------------------------------------------------------------------------------

86956 - [2024-09-23 01:14:54,809] : DEBUG -> ------------------------------------5° EXECUÇÃO-----------------------------------------
86956 - [2024-09-23 01:14:56,312] : DEBUG -> Execution time for test 800 (run 5): 1.479932 seconds
86956 - [2024-09-23 01:14:56,312] : DEBUG -> ------------------------------------------------------------------------------------

86956 - [2024-09-23 01:14:56,312] : DEBUG -> ------------------------------------6° EXECUÇÃO-----------------------------------------
86956 - [2024-09-23 01:14:57,831] : DEBUG -> Execution time for test 800 (run 6): 1.480964 seconds
86956 - [2024-09-23 01:14:57,831] : DEBUG -> ------------------------------------------------------------------------------------

86956 - [2024-09-23 01:14:57,831] : DEBUG -> XXXXXXXXXXXXXXXXXXXXXXXXXXXXX<<< Ford-Fulkerson >>>XXXXXXXXXXXXXXXXXXXXXXXXXXXXXX
86956 - [2024-09-23 01:14:57,831] : DEBUG -> ------------------------------------1° EXECUÇÃO-----------------------------------------
86956 - [2024-09-23 01:14:58,725] : DEBUG -> Execution time for test 800 (run 1): 0.87165 seconds
86956 - [2024-09-23 01:14:58,725] : DEBUG -> ------------------------------------------------------------------------------------

86956 - [2024-09-23 01:14:58,725] : DEBUG -> ------------------------------------2° EXECUÇÃO-----------------------------------------
86956 - [2024-09-23 01:14:59,633] : DEBUG -> Execution time for test 800 (run 2): 0.881152 seconds
86956 - [2024-09-23 01:14:59,633] : DEBUG -> ------------------------------------------------------------------------------------

86956 - [2024-09-23 01:14:59,633] : DEBUG -> ------------------------------------3° EXECUÇÃO-----------------------------------------
86956 - [2024-09-23 01:15:00,554] : DEBUG -> Execution time for test 800 (run 3): 0.898236 seconds
86956 - [2024-09-23 01:15:00,554] : DEBUG -> ------------------------------------------------------------------------------------

86956 - [2024-09-23 01:15:00,554] : DEBUG -> ------------------------------------4° EXECUÇÃO-----------------------------------------
86956 - [2024-09-23 01:15:01,454] : DEBUG -> Execution time for test 800 (run 4): 0.875656 seconds
86956 - [2024-09-23 01:15:01,454] : DEBUG -> ------------------------------------------------------------------------------------

86956 - [2024-09-23 01:15:01,454] : DEBUG -> ------------------------------------5° EXECUÇÃO-----------------------------------------
86956 - [2024-09-23 01:15:02,351] : DEBUG -> Execution time for test 800 (run 5): 0.872232 seconds
86956 - [2024-09-23 01:15:02,351] : DEBUG -> ------------------------------------------------------------------------------------

86956 - [2024-09-23 01:15:02,351] : DEBUG -> ------------------------------------6° EXECUÇÃO-----------------------------------------
86956 - [2024-09-23 01:15:03,265] : DEBUG -> Execution time for test 800 (run 6): 0.876725 seconds
86956 - [2024-09-23 01:15:03,265] : DEBUG -> ------------------------------------------------------------------------------------

86956 - [2024-09-23 01:15:03,265] : DEBUG -> Processing test file: 900-902
86956 - [2024-09-23 01:15:03,277] : DEBUG -> Vértices: 1804, Arestas: 180953
86956 - [2024-09-23 01:15:03,278] : DEBUG -> ======================================TESTE: 900, Leituras: 902==========================================
86956 - [2024-09-23 01:15:03,278] : DEBUG -> XXXXXXXXXXXXXXXXXXXXXXXXXXXXX<<< Edmond-Karp >>>XXXXXXXXXXXXXXXXXXXXXXXXXXXXXX
86956 - [2024-09-23 01:15:03,278] : DEBUG -> ------------------------------------1° EXECUÇÃO-----------------------------------------
86956 - [2024-09-23 01:15:04,962] : DEBUG -> Execution time for test 900 (run 1): 1.653895 seconds
86956 - [2024-09-23 01:15:04,962] : DEBUG -> ------------------------------------------------------------------------------------

86956 - [2024-09-23 01:15:04,962] : DEBUG -> ------------------------------------2° EXECUÇÃO-----------------------------------------
86956 - [2024-09-23 01:15:06,629] : DEBUG -> Execution time for test 900 (run 2): 1.65015 seconds
86956 - [2024-09-23 01:15:06,629] : DEBUG -> ------------------------------------------------------------------------------------

86956 - [2024-09-23 01:15:06,629] : DEBUG -> ------------------------------------3° EXECUÇÃO-----------------------------------------
86956 - [2024-09-23 01:15:08,292] : DEBUG -> Execution time for test 900 (run 3): 1.646066 seconds
86956 - [2024-09-23 01:15:08,293] : DEBUG -> ------------------------------------------------------------------------------------

86956 - [2024-09-23 01:15:08,293] : DEBUG -> ------------------------------------4° EXECUÇÃO-----------------------------------------
86956 - [2024-09-23 01:15:09,977] : DEBUG -> Execution time for test 900 (run 4): 1.656102 seconds
86956 - [2024-09-23 01:15:09,977] : DEBUG -> ------------------------------------------------------------------------------------

86956 - [2024-09-23 01:15:09,977] : DEBUG -> ------------------------------------5° EXECUÇÃO-----------------------------------------
86956 - [2024-09-23 01:15:11,662] : DEBUG -> Execution time for test 900 (run 5): 1.667236 seconds
86956 - [2024-09-23 01:15:11,662] : DEBUG -> ------------------------------------------------------------------------------------

86956 - [2024-09-23 01:15:11,662] : DEBUG -> ------------------------------------6° EXECUÇÃO-----------------------------------------
86956 - [2024-09-23 01:15:13,346] : DEBUG -> Execution time for test 900 (run 6): 1.657682 seconds
86956 - [2024-09-23 01:15:13,346] : DEBUG -> ------------------------------------------------------------------------------------

86956 - [2024-09-23 01:15:13,346] : DEBUG -> XXXXXXXXXXXXXXXXXXXXXXXXXXXXX<<< Ford-Fulkerson >>>XXXXXXXXXXXXXXXXXXXXXXXXXXXXXX
86956 - [2024-09-23 01:15:13,346] : DEBUG -> ------------------------------------1° EXECUÇÃO-----------------------------------------
86956 - [2024-09-23 01:15:14,643] : DEBUG -> Execution time for test 900 (run 1): 1.274134 seconds
86956 - [2024-09-23 01:15:14,643] : DEBUG -> ------------------------------------------------------------------------------------

86956 - [2024-09-23 01:15:14,643] : DEBUG -> ------------------------------------2° EXECUÇÃO-----------------------------------------
86956 - [2024-09-23 01:15:15,953] : DEBUG -> Execution time for test 900 (run 2): 1.292544 seconds
86956 - [2024-09-23 01:15:15,953] : DEBUG -> ------------------------------------------------------------------------------------

86956 - [2024-09-23 01:15:15,953] : DEBUG -> ------------------------------------3° EXECUÇÃO-----------------------------------------
86956 - [2024-09-23 01:15:17,229] : DEBUG -> Execution time for test 900 (run 3): 1.258812 seconds
86956 - [2024-09-23 01:15:17,229] : DEBUG -> ------------------------------------------------------------------------------------

86956 - [2024-09-23 01:15:17,229] : DEBUG -> ------------------------------------4° EXECUÇÃO-----------------------------------------
86956 - [2024-09-23 01:15:18,522] : DEBUG -> Execution time for test 900 (run 4): 1.268513 seconds
86956 - [2024-09-23 01:15:18,522] : DEBUG -> ------------------------------------------------------------------------------------

86956 - [2024-09-23 01:15:18,522] : DEBUG -> ------------------------------------5° EXECUÇÃO-----------------------------------------
86956 - [2024-09-23 01:15:19,799] : DEBUG -> Execution time for test 900 (run 5): 1.260045 seconds
86956 - [2024-09-23 01:15:19,800] : DEBUG -> ------------------------------------------------------------------------------------

86956 - [2024-09-23 01:15:19,800] : DEBUG -> ------------------------------------6° EXECUÇÃO-----------------------------------------
86956 - [2024-09-23 01:15:21,107] : DEBUG -> Execution time for test 900 (run 6): 1.290958 seconds
86956 - [2024-09-23 01:15:21,107] : DEBUG -> ------------------------------------------------------------------------------------

